<?xml version="1.0" encoding="UTF-8" ?>
<testsuite tests="1" failures="0" name="com.k2js.samplemavenprojct.testscript.YahooTest" time="29.873" errors="0" skipped="0">
  <properties>
    <property name="java.vendor" value="Oracle Corporation"/>
    <property name="JOB_NAME" value="Shilp"/>
    <property name="sun.java.launcher" value="SUN_STANDARD"/>
    <property name="NUMBER_OF_PROCESSORS" value="4"/>
    <property name="sun.management.compiler" value="HotSpot 64-Bit Tiered Compilers"/>
    <property name="JENKINS_HOME" value="C:\Users\IBM_ADMIN\.jenkins"/>
    <property name="HUDSON_SERVER_COOKIE" value="1b0c4eaefd6ec11b"/>
    <property name="os.name" value="Windows 7"/>
    <property name="sun.boot.class.path" value="C:\SeleniumTrainingByJit\Tools\jdk1.8.0_111\jre\lib\resources.jar;C:\SeleniumTrainingByJit\Tools\jdk1.8.0_111\jre\lib\rt.jar;C:\SeleniumTrainingByJit\Tools\jdk1.8.0_111\jre\lib\sunrsasign.jar;C:\SeleniumTrainingByJit\Tools\jdk1.8.0_111\jre\lib\jsse.jar;C:\SeleniumTrainingByJit\Tools\jdk1.8.0_111\jre\lib\jce.jar;C:\SeleniumTrainingByJit\Tools\jdk1.8.0_111\jre\lib\charsets.jar;C:\SeleniumTrainingByJit\Tools\jdk1.8.0_111\jre\lib\jfr.jar;C:\SeleniumTrainingByJit\Tools\jdk1.8.0_111\jre\classes"/>
    <property name="EXECUTOR_NUMBER" value="1"/>
    <property name="sun.desktop" value="windows"/>
    <property name="PATHEXT" value=".COM;.EXE;.BAT;.CMD;.VBS;.VBE;.JS;.JSE;.WSF;.WSH;.MSC"/>
    <property name="java.vm.specification.vendor" value="Oracle Corporation"/>
    <property name="NODE_LABELS" value="master"/>
    <property name="TEMP" value="C:\Users\IBM_AD~1\AppData\Local\Temp"/>
    <property name="java.runtime.version" value="1.8.0_111-b14"/>
    <property name="user.name" value="shilpa"/>
    <property name="guice.disable.misplaced.annotation.check" value="true"/>
    <property name="CommonProgramW6432" value="C:\Program Files\Common Files"/>
    <property name="ProgramFiles" value="C:\Program Files"/>
    <property name="PROMPT" value="$P$G"/>
    <property name="user.language" value="en"/>
    <property name="JOB_BASE_NAME" value="Shilp"/>
    <property name="RUN_CHANGES_DISPLAY_URL" value="http://unconfigured-jenkins-location/job/Shilp/3/display/redirect?page=changes"/>
    <property name="M2" value="C:\SeleniumTrainingByJit\Tools\apache-maven-3.5.0\bin"/>
    <property name="BUILD_DISPLAY_NAME" value="#3"/>
    <property name="sun.boot.library.path" value="C:\SeleniumTrainingByJit\Tools\jdk1.8.0_111\jre\bin"/>
    <property name="LOCALAPPDATA" value="C:\Users\IBM_ADMIN\AppData\Local"/>
    <property name="java.version" value="1.8.0_111"/>
    <property name="PROCESSOR_LEVEL" value="6"/>
    <property name="user.timezone" value="Asia/Calcutta"/>
    <property name="USERNAME" value="shilpa"/>
    <property name="sun.arch.data.model" value="64"/>
    <property name="NODE_NAME" value="master"/>
    <property name="COMMPath" value="C:\Program Files\Lenovo\Communications Utility"/>
    <property name="java.endorsed.dirs" value="C:\SeleniumTrainingByJit\Tools\jdk1.8.0_111\jre\lib\endorsed"/>
    <property name="BUILD_ID" value="3"/>
    <property name="sun.cpu.isalist" value="amd64"/>
    <property name="sun.jnu.encoding" value="Cp1252"/>
    <property name="file.encoding.pkg" value="sun.io"/>
    <property name="file.separator" value="\"/>
    <property name="java.specification.name" value="Java Platform API Specification"/>
    <property name="HOMEDRIVE" value="C:"/>
    <property name="maven.conf" value="C:\SeleniumTrainingByJit\Tools\apache-maven-3.5.0\conf"/>
    <property name="java.class.version" value="52.0"/>
    <property name="MVN_HOME" value="C:\SeleniumTrainingByJit\Tools\apache-maven-3.5.0"/>
    <property name="org.slf4j.simpleLogger.defaultLogLevel" value="info"/>
    <property name="user.country" value="US"/>
    <property name="ALLUSERSPROFILE" value="C:\ProgramData"/>
    <property name="java.home" value="C:\SeleniumTrainingByJit\Tools\jdk1.8.0_111\jre"/>
    <property name="java.vm.info" value="mixed mode"/>
    <property name="os.version" value="6.1"/>
    <property name="RUN_DISPLAY_URL" value="http://unconfigured-jenkins-location/job/Shilp/3/display/redirect"/>
    <property name="TMP" value="C:\Users\IBM_AD~1\AppData\Local\Temp"/>
    <property name="path.separator" value=";"/>
    <property name="java.vm.version" value="25.111-b14"/>
    <property name="user.variant" value=""/>
    <property name="JOB_DISPLAY_URL" value="http://unconfigured-jenkins-location/job/Shilp/display/redirect"/>
    <property name="CommonProgramFiles(x86)" value="C:\Program Files (x86)\Common Files"/>
    <property name="java.awt.printerjob" value="sun.awt.windows.WPrinterJob"/>
    <property name="FP_NO_HOST_CHECK" value="NO"/>
    <property name="JAVA_HOME" value="C:\SeleniumTrainingByJit\Tools\jdk1.8.0_111"/>
    <property name="sun.io.unicode.encoding" value="UnicodeLittle"/>
    <property name="CommonProgramFiles" value="C:\Program Files\Common Files"/>
    <property name="ComSpec" value="C:\windows\system32\cmd.exe"/>
    <property name="HOMEPATH" value="\Users\IBM_ADMIN"/>
    <property name="awt.toolkit" value="sun.awt.windows.WToolkit"/>
    <property name="COMPUTERNAME" value="IBM694-PC0BQ6JK"/>
    <property name="user.script" value=""/>
    <property name="PUBLIC" value="C:\Users\Public"/>
    <property name="user.home" value="C:\Users\IBM_ADMIN"/>
    <property name="BUILD_TAG" value="jenkins-Shilp-3"/>
    <property name="JENKINS_SERVER_COOKIE" value="1b0c4eaefd6ec11b"/>
    <property name="ProgramData" value="C:\ProgramData"/>
    <property name="java.specification.vendor" value="Oracle Corporation"/>
    <property name="USERPROFILE" value="C:\Users\IBM_ADMIN"/>
    <property name="CLASSPATH" value=""/>
    <property name="java.vendor.url" value="http://java.oracle.com/"/>
    <property name="java.library.path" value="C:\SeleniumTrainingByJit\Tools\jdk1.8.0_111\bin;C:\windows\Sun\Java\bin;C:\windows\system32;C:\windows;C:\SeleniumTrainingByJit\Tools\apache-maven-3.5.0/bin;C:\SeleniumTrainingByJit\Tools\jdk1.8.0_111/bin;C:\SeleniumTrainingByJit\Tools\jdk1.8.0_111/bin;C:\ProgramData\Oracle\Java\javapath;C:\Program Files (x86)\Intel\iCLS Client\;C:\Program Files\Intel\iCLS Client\;C:\windows\system32;C:\windows;C:\windows\System32\Wbem;C:\windows\System32\WindowsPowerShell\v1.0\;C:\Program Files (x86)\IBM\Personal Communications\;C:\Program Files (x86)\IBM\Trace Facility\;C:\Program Files (x86)\IBM\Mobility Client\;C:\Program Files\Intel\Intel(R) Management Engine Components\DAL;C:\Program Files (x86)\Intel\Intel(R) Management Engine Components\DAL;C:\Program Files\Intel\Intel(R) Management Engine Components\IPT;C:\Program Files (x86)\Intel\Intel(R) Management Engine Components\IPT;C:\SeleniumTrainingByJit\Tools\apache-maven-3.5.0\bin;C:\SeleniumTrainingByJit\Tools\jdk1.8.0_111\bin;."/>
    <property name="java.vm.vendor" value="Oracle Corporation"/>
    <property name="APPDATA" value="C:\Users\IBM_ADMIN\AppData\Roaming"/>
    <property name="java.runtime.name" value="Java(TM) SE Runtime Environment"/>
    <property name="maven.home" value="C:\SeleniumTrainingByJit\Tools\apache-maven-3.5.0"/>
    <property name="java.class.path" value="C:\Users\IBM_ADMIN\.jenkins\plugins\maven-plugin\WEB-INF\lib\maven35-agent-1.11.jar;C:\SeleniumTrainingByJit\Tools\apache-maven-3.5.0\boot\plexus-classworlds-2.5.2.jar;C:\SeleniumTrainingByJit\Tools\apache-maven-3.5.0/conf/logging"/>
    <property name="sun.java.command" value="jenkins.maven3.agent.Maven35Main C:\SeleniumTrainingByJit\Tools\apache-maven-3.5.0 C:\Users\IBM_ADMIN\.jenkins\war\WEB-INF\lib\remoting-3.10.jar C:\Users\IBM_ADMIN\.jenkins\plugins\maven-plugin\WEB-INF\lib\maven35-interceptor-1.11.jar C:\Users\IBM_ADMIN\.jenkins\plugins\maven-plugin\WEB-INF\lib\maven3-interceptor-commons-1.11.jar 56257"/>
    <property name="Path" value="C:\SeleniumTrainingByJit\Tools\jdk1.8.0_111/bin;C:\ProgramData\Oracle\Java\javapath;C:\Program Files (x86)\Intel\iCLS Client\;C:\Program Files\Intel\iCLS Client\;C:\windows\system32;C:\windows;C:\windows\System32\Wbem;C:\windows\System32\WindowsPowerShell\v1.0\;C:\Program Files (x86)\IBM\Personal Communications\;C:\Program Files (x86)\IBM\Trace Facility\;C:\Program Files (x86)\IBM\Mobility Client\;C:\Program Files\Intel\Intel(R) Management Engine Components\DAL;C:\Program Files (x86)\Intel\Intel(R) Management Engine Components\DAL;C:\Program Files\Intel\Intel(R) Management Engine Components\IPT;C:\Program Files (x86)\Intel\Intel(R) Management Engine Components\IPT;C:\SeleniumTrainingByJit\Tools\apache-maven-3.5.0\bin;C:\SeleniumTrainingByJit\Tools\jdk1.8.0_111\bin"/>
    <property name="java.vm.specification.name" value="Java Virtual Machine Specification"/>
    <property name="PROCESSOR_ARCHITECTURE" value="AMD64"/>
    <property name="PATH+JDK" value="C:\SeleniumTrainingByJit\Tools\jdk1.8.0_111/bin"/>
    <property name="PROCESSOR_IDENTIFIER" value="Intel64 Family 6 Model 61 Stepping 4, GenuineIntel"/>
    <property name="SESSIONNAME" value="Console"/>
    <property name="java.vm.specification.version" value="1.8"/>
    <property name="sun.os.patch.level" value="Service Pack 1"/>
    <property name="sun.cpu.endian" value="little"/>
    <property name="M2_HOME" value="C:\SeleniumTrainingByJit\Tools\apache-maven-3.5.0"/>
    <property name="java.io.tmpdir" value="C:\Users\IBM_AD~1\AppData\Local\Temp\"/>
    <property name="OS" value="Windows_NT"/>
    <property name="HUDSON_HOME" value="C:\Users\IBM_ADMIN\.jenkins"/>
    <property name="PATH+MAVEN" value="C:\SeleniumTrainingByJit\Tools\apache-maven-3.5.0/bin"/>
    <property name="ProgramFiles(x86)" value="C:\Program Files (x86)"/>
    <property name="java.vendor.url.bug" value="http://bugreport.sun.com/bugreport/"/>
    <property name="java.awt.graphicsenv" value="sun.awt.Win32GraphicsEnvironment"/>
    <property name="os.arch" value="amd64"/>
    <property name="SystemRoot" value="C:\windows"/>
    <property name="java.ext.dirs" value="C:\SeleniumTrainingByJit\Tools\jdk1.8.0_111\jre\lib\ext;C:\windows\Sun\Java\lib\ext"/>
    <property name="user.dir" value="C:\SeleniumTrainingByJit\Practicals\SeleniumPracticals\samplemavenprojct"/>
    <property name="LOGONSERVER" value="\\IBM694-PC0BQ6JK"/>
    <property name="USERDOMAIN" value="IBM694-PC0BQ6JK"/>
    <property name="line.separator" value="
"/>
    <property name="MAVEN_HOME" value="C:\SeleniumTrainingByJit\Tools\apache-maven-3.5.0"/>
    <property name="java.vm.name" value="Java HotSpot(TM) 64-Bit Server VM"/>
    <property name="BUILD_NUMBER" value="3"/>
    <property name="PROCESSOR_REVISION" value="3d04"/>
    <property name="ProgramW6432" value="C:\Program Files"/>
    <property name="windir" value="C:\windows"/>
    <property name="=C:" value="C:\Jenkins"/>
    <property name="file.encoding" value="Cp1252"/>
    <property name="SystemDrive" value="C:"/>
    <property name="maven3.interceptor" value="C:\Users\IBM_ADMIN\.jenkins\plugins\maven-plugin\WEB-INF\lib\maven35-interceptor-1.11.jar"/>
    <property name="WORKSPACE" value="C:\Users\IBM_ADMIN\.jenkins\workspace\Shilp"/>
    <property name="maven3.interceptor.common" value="C:\Users\IBM_ADMIN\.jenkins\plugins\maven-plugin\WEB-INF\lib\maven3-interceptor-commons-1.11.jar"/>
    <property name="TVT" value="C:\Program Files (x86)\Lenovo"/>
    <property name="java.specification.version" value="1.8"/>
    <property name="PSModulePath" value="C:\windows\system32\WindowsPowerShell\v1.0\Modules\;C:\Program Files (x86)\AutoIt3\AutoItX"/>
    <property name="PCOMM_Root" value="C:\Program Files (x86)\IBM\Personal Communications\"/>
  </properties>
  <testcase classname="com.k2js.samplemavenprojct.testscript.YahooTest" name="test" time="29.873"/>
</testsuite>