<?xml version="1.0" encoding="UTF-8"?>
<!-- Generated by org.testng.reporters.JUnitReportReporter -->
<testsuite skipped="0" hostname="IBM694-PC0BQ6JK" name="com.k2js.samplemavenprojct.testscript.TakingScreenShot" tests="1" failures="0" timestamp="13 Aug 2017 05:18:49 GMT" time="5.148" errors="0">
  <testcase name="takeScreenshot" time="5.148" classname="com.k2js.samplemavenprojct.testscript.TakingScreenShot"/>
</testsuite> <!-- com.k2js.samplemavenprojct.testscript.TakingScreenShot -->
