<?xml version="1.0" encoding="UTF-8"?>
<!-- Generated by org.testng.reporters.JUnitReportReporter -->
<testsuite skipped="0" hostname="IBM694-PC0BQ6JK" name="com.k2js.samplemavenprojct.testscript.YahooTest" tests="1" failures="0" timestamp="15 Aug 2017 05:10:04 GMT" time="38.069" errors="0">
  <testcase name="test" time="38.069" classname="com.k2js.samplemavenprojct.testscript.YahooTest"/>
</testsuite> <!-- com.k2js.samplemavenprojct.testscript.YahooTest -->
